G:\GITHUB REPOSITORIES\POLYGONS\POLYGONOPERATIONS\POLYGONOPERATIONS\DEBUG\SOURCE.OBJ
G:\GITHUB REPOSITORIES\POLYGONS\POLYGONOPERATIONS\POLYGONOPERATIONS\DEBUG\VC110.PDB
G:\GITHUB REPOSITORIES\POLYGONS\POLYGONOPERATIONS\DEBUG\POLYGONOPERATIONS.ILK
G:\GITHUB REPOSITORIES\POLYGONS\POLYGONOPERATIONS\DEBUG\POLYGONOPERATIONS.EXE
G:\GITHUB REPOSITORIES\POLYGONS\POLYGONOPERATIONS\DEBUG\POLYGONOPERATIONS.PDB
G:\Github Repositories\Polygons\PolygonOperations\PolygonOperations\Debug\Source.obj
G:\Github Repositories\Polygons\PolygonOperations\PolygonOperations\Debug\cl.command.1.tlog
G:\Github Repositories\Polygons\PolygonOperations\PolygonOperations\Debug\CL.read.1.tlog
G:\Github Repositories\Polygons\PolygonOperations\PolygonOperations\Debug\CL.write.1.tlog
G:\Github Repositories\Polygons\PolygonOperations\PolygonOperations\Debug\link-cvtres.read.1.tlog
G:\Github Repositories\Polygons\PolygonOperations\PolygonOperations\Debug\link-cvtres.write.1.tlog
G:\Github Repositories\Polygons\PolygonOperations\PolygonOperations\Debug\link-rc.read.1.tlog
G:\Github Repositories\Polygons\PolygonOperations\PolygonOperations\Debug\link-rc.write.1.tlog
G:\Github Repositories\Polygons\PolygonOperations\PolygonOperations\Debug\link.3932-cvtres.read.1.tlog
G:\Github Repositories\Polygons\PolygonOperations\PolygonOperations\Debug\link.3932-cvtres.write.1.tlog
G:\Github Repositories\Polygons\PolygonOperations\PolygonOperations\Debug\link.3932-rc.read.1.tlog
G:\Github Repositories\Polygons\PolygonOperations\PolygonOperations\Debug\link.3932-rc.write.1.tlog
G:\Github Repositories\Polygons\PolygonOperations\PolygonOperations\Debug\link.3932.read.1.tlog
G:\Github Repositories\Polygons\PolygonOperations\PolygonOperations\Debug\link.3932.write.1.tlog
G:\Github Repositories\Polygons\PolygonOperations\PolygonOperations\Debug\link.5296-cvtres.read.1.tlog
G:\Github Repositories\Polygons\PolygonOperations\PolygonOperations\Debug\link.5296-cvtres.write.1.tlog
G:\Github Repositories\Polygons\PolygonOperations\PolygonOperations\Debug\link.5296-rc.read.1.tlog
G:\Github Repositories\Polygons\PolygonOperations\PolygonOperations\Debug\link.5296-rc.write.1.tlog
G:\Github Repositories\Polygons\PolygonOperations\PolygonOperations\Debug\link.5296.read.1.tlog
G:\Github Repositories\Polygons\PolygonOperations\PolygonOperations\Debug\link.5296.write.1.tlog
G:\Github Repositories\Polygons\PolygonOperations\PolygonOperations\Debug\link.7140-cvtres.read.1.tlog
G:\Github Repositories\Polygons\PolygonOperations\PolygonOperations\Debug\link.7140-cvtres.write.1.tlog
G:\Github Repositories\Polygons\PolygonOperations\PolygonOperations\Debug\link.7140-rc.read.1.tlog
G:\Github Repositories\Polygons\PolygonOperations\PolygonOperations\Debug\link.7140-rc.write.1.tlog
G:\Github Repositories\Polygons\PolygonOperations\PolygonOperations\Debug\link.7140.read.1.tlog
G:\Github Repositories\Polygons\PolygonOperations\PolygonOperations\Debug\link.7140.write.1.tlog
G:\Github Repositories\Polygons\PolygonOperations\PolygonOperations\Debug\link.7196-cvtres.read.1.tlog
G:\Github Repositories\Polygons\PolygonOperations\PolygonOperations\Debug\link.7196-cvtres.write.1.tlog
G:\Github Repositories\Polygons\PolygonOperations\PolygonOperations\Debug\link.7196-rc.read.1.tlog
G:\Github Repositories\Polygons\PolygonOperations\PolygonOperations\Debug\link.7196-rc.write.1.tlog
G:\Github Repositories\Polygons\PolygonOperations\PolygonOperations\Debug\link.7196.read.1.tlog
G:\Github Repositories\Polygons\PolygonOperations\PolygonOperations\Debug\link.7196.write.1.tlog
G:\Github Repositories\Polygons\PolygonOperations\PolygonOperations\Debug\link.command.1.tlog
G:\Github Repositories\Polygons\PolygonOperations\PolygonOperations\Debug\link.read.1.tlog
G:\Github Repositories\Polygons\PolygonOperations\PolygonOperations\Debug\link.write.1.tlog
G:\Github Repositories\Polygons\PolygonOperations\PolygonOperations\Debug\vc110.idb
G:\Github Repositories\Polygons\PolygonOperations\PolygonOperations\Debug\vc110.pdb
G:\Github Repositories\Polygons\PolygonOperations\Debug\PolygonOperations.pdb
G:\Github Repositories\Polygons\PolygonOperations\Debug\PolygonOperations.exe
G:\Github Repositories\Polygons\PolygonOperations\Debug\PolygonOperations.ilk
